#
# There is insufficient memory for the Java Runtime Environment to continue.
# Native memory allocation (mmap) failed to map 199229440 bytes. Error detail: G1 virtual space
# Possible reasons:
#   The system is out of physical RAM or swap space
#   This process is running with CompressedOops enabled, and the Java Heap may be blocking the growth of the native heap
# Possible solutions:
#   Reduce memory load on the system
#   Increase physical memory or swap space
#   Check if swap backing store is full
#   Decrease Java heap size (-Xmx/-Xms)
#   Decrease number of Java threads
#   Decrease Java thread stack sizes (-Xss)
#   Set larger code cache with -XX:ReservedCodeCacheSize=
#   JVM is running with Zero Based Compressed Oops mode in which the Java heap is
#     placed in the first 32GB address space. The Java Heap base address is the
#     maximum limit for the native heap growth. Please use -XX:HeapBaseMinAddress
#     to set the Java Heap base and to place the Java Heap above 32GB virtual address.
# This output file may be truncated or incomplete.
#
#  Out of Memory Error (os_windows.cpp:3614), pid=8132, tid=30164
#
# JRE version:  (17.0.13+11) (build )
# Java VM: OpenJDK 64-Bit Server VM (17.0.13+11-LTS, mixed mode, emulated-client, sharing, tiered, compressed oops, compressed class ptrs, g1 gc, windows-amd64)
# No core dump will be written. Minidumps are not enabled by default on client versions of Windows
#

---------------  S U M M A R Y ------------

Command Line: -XX:TieredStopAtLevel=1 -Dspring.output.ansi.enabled=always -Dcom.sun.management.jmxremote -Dspring.jmx.enabled=true -Dspring.liveBeansView.mbeanDomain -Dspring.application.admin.enabled=true -Dmanagement.endpoints.jmx.exposure.include=* -javaagent:D:\ntelliJ\IntelliJ IDEA 2024.3\lib\idea_rt.jar=58894:D:\ntelliJ\IntelliJ IDEA 2024.3\bin -Dfile.encoding=UTF-8 vti.auth_service.AuthServiceApplication

Host: 11th Gen Intel(R) Core(TM) i5-11400H @ 2.70GHz, 12 cores, 11G,  Windows 11 , 64 bit Build 22621 (10.0.22621.4974)
Time: Tue Apr  1 20:14:17 2025 SE Asia Standard Time elapsed time: 0.017717 seconds (0d 0h 0m 0s)

---------------  T H R E A D  ---------------

Current thread (0x0000018177bf57c0):  JavaThread "Unknown thread" [_thread_in_vm, id=30164, stack(0x0000000ea9a00000,0x0000000ea9b00000)]

Stack: [0x0000000ea9a00000,0x0000000ea9b00000]
Native frames: (J=compiled Java code, j=interpreted, Vv=VM code, C=native code)
V  [jvm.dll+0x680c19]
V  [jvm.dll+0x83888a]
V  [jvm.dll+0x83a34e]
V  [jvm.dll+0x83a9b3]
V  [jvm.dll+0x2481af]
V  [jvm.dll+0x67d959]
V  [jvm.dll+0x67242a]
V  [jvm.dll+0x30813b]
V  [jvm.dll+0x30f626]
V  [jvm.dll+0x35f94e]
V  [jvm.dll+0x35fb8f]
V  [jvm.dll+0x2df0ec]
V  [jvm.dll+0x2e0044]
V  [jvm.dll+0x80a04b]
V  [jvm.dll+0x36d6c1]
V  [jvm.dll+0x7e8975]
V  [jvm.dll+0x3f109f]
V  [jvm.dll+0x3f2c11]
C  [jli.dll+0x52ab]
C  [ucrtbase.dll+0x29333]
C  [KERNEL32.DLL+0x1259d]
C  [ntdll.dll+0x5af38]


---------------  P R O C E S S  ---------------

Threads class SMR info:
_java_thread_list=0x00007ffe882a8f58, length=0, elements={
}

Java Threads: ( => current thread )

Other Threads:
  0x0000018177c4de70 GCTaskThread "GC Thread#0" [stack: 0x0000000ea9b00000,0x0000000ea9c00000] [id=22512]
  0x0000018177c5aa50 ConcurrentGCThread "G1 Main Marker" [stack: 0x0000000ea9c00000,0x0000000ea9d00000] [id=9492]
  0x0000018177c5b470 ConcurrentGCThread "G1 Conc#0" [stack: 0x0000000ea9d00000,0x0000000ea9e00000] [id=15876]

[error occurred during error reporting (printing all threads), id 0xc0000005, EXCEPTION_ACCESS_VIOLATION (0xc0000005) at pc=0x00007ffe87a5f827]

VM state: not at safepoint (not fully initialized)

VM Mutex/Monitor currently owned by a thread:  ([mutex/lock_event])
[0x0000018177bf0b10] Heap_lock - owner thread: 0x0000018177bf57c0

Heap address: 0x0000000743600000, size: 3018 MB, Compressed Oops mode: Zero based, Oop shift amount: 3

CDS archive(s) mapped at: [0x0000000000000000-0x0000000000000000-0x0000000000000000), size 0, SharedBaseAddress: 0x0000000800000000, ArchiveRelocationMode: 1.
Narrow klass base: 0x0000000000000000, Narrow klass shift: 0, Narrow klass range: 0x0

GC Precious Log:
<Empty>

Heap:
 garbage-first heap   total 0K, used 0K [0x0000000743600000, 0x0000000800000000)
  region size 2048K, 0 young (0K), 0 survivors (0K)

[error occurred during error reporting (printing heap information), id 0xc0000005, EXCEPTION_ACCESS_VIOLATION (0xc0000005) at pc=0x00007ffe87e49e69]

GC Heap History (0 events):
No events

Dll operation events (1 events):
Event: 0.013 Loaded shared library C:\Users\ADMIN\.jdks\corretto-17.0.13\bin\java.dll

Deoptimization events (0 events):
No events

Classes loaded (0 events):
No events

Classes unloaded (0 events):
No events

Classes redefined (0 events):
No events

Internal exceptions (0 events):
No events

VM Operations (0 events):
No events

Memory protections (0 events):
No events

Nmethod flushes (0 events):
No events

Events (0 events):
No events


Dynamic libraries:
0x00007ff78b540000 - 0x00007ff78b54e000 	C:\Users\ADMIN\.jdks\corretto-17.0.13\bin\java.exe
0x00007ffefa6d0000 - 0x00007ffefa8e7000 	C:\WINDOWS\SYSTEM32\ntdll.dll
0x00007ffef9620000 - 0x00007ffef96e4000 	C:\WINDOWS\System32\KERNEL32.DLL
0x00007ffef7d50000 - 0x00007ffef8121000 	C:\WINDOWS\System32\KERNELBASE.dll
0x00007ffef7980000 - 0x00007ffef7a91000 	C:\WINDOWS\System32\ucrtbase.dll
0x00007ffeec530000 - 0x00007ffeec547000 	C:\Users\ADMIN\.jdks\corretto-17.0.13\bin\jli.dll
0x00007ffeef300000 - 0x00007ffeef31b000 	C:\Users\ADMIN\.jdks\corretto-17.0.13\bin\VCRUNTIME140.dll
0x00007ffef9790000 - 0x00007ffef9941000 	C:\WINDOWS\System32\USER32.dll
0x00007ffedef20000 - 0x00007ffedf1b2000 	C:\WINDOWS\WinSxS\amd64_microsoft.windows.common-controls_6595b64144ccf1df_6.0.22621.4830_none_270fe7d773858e80\COMCTL32.dll
0x00007ffef7d20000 - 0x00007ffef7d46000 	C:\WINDOWS\System32\win32u.dll
0x00007ffef8db0000 - 0x00007ffef8e57000 	C:\WINDOWS\System32\msvcrt.dll
0x00007ffef8fa0000 - 0x00007ffef8fc9000 	C:\WINDOWS\System32\GDI32.dll
0x00007ffef7b60000 - 0x00007ffef7c7b000 	C:\WINDOWS\System32\gdi32full.dll
0x00007ffef7c80000 - 0x00007ffef7d1a000 	C:\WINDOWS\System32\msvcp_win.dll
0x00007ffef8fd0000 - 0x00007ffef9001000 	C:\WINDOWS\System32\IMM32.DLL
0x00007ffeec610000 - 0x00007ffeec61c000 	C:\Users\ADMIN\.jdks\corretto-17.0.13\bin\vcruntime140_1.dll
0x00007ffeec420000 - 0x00007ffeec4ad000 	C:\Users\ADMIN\.jdks\corretto-17.0.13\bin\msvcp140.dll
0x00007ffe87770000 - 0x00007ffe883dc000 	C:\Users\ADMIN\.jdks\corretto-17.0.13\bin\server\jvm.dll
0x00007ffef8e80000 - 0x00007ffef8f31000 	C:\WINDOWS\System32\ADVAPI32.dll
0x00007ffefa200000 - 0x00007ffefa2a7000 	C:\WINDOWS\System32\sechost.dll
0x00007ffef7950000 - 0x00007ffef7978000 	C:\WINDOWS\System32\bcrypt.dll
0x00007ffef8be0000 - 0x00007ffef8cf4000 	C:\WINDOWS\System32\RPCRT4.dll
0x00007ffef9440000 - 0x00007ffef94b1000 	C:\WINDOWS\System32\WS2_32.dll
0x00007ffef6680000 - 0x00007ffef66cd000 	C:\WINDOWS\SYSTEM32\POWRPROF.dll
0x00007ffeef2e0000 - 0x00007ffeef2ea000 	C:\WINDOWS\SYSTEM32\VERSION.dll
0x00007ffef1c60000 - 0x00007ffef1c94000 	C:\WINDOWS\SYSTEM32\WINMM.dll
0x00007ffef6660000 - 0x00007ffef6673000 	C:\WINDOWS\SYSTEM32\UMPDC.dll
0x00007ffef6910000 - 0x00007ffef6928000 	C:\WINDOWS\SYSTEM32\kernel.appcore.dll
0x00007ffeec520000 - 0x00007ffeec52a000 	C:\Users\ADMIN\.jdks\corretto-17.0.13\bin\jimage.dll
0x00007ffef5250000 - 0x00007ffef5482000 	C:\WINDOWS\SYSTEM32\DBGHELP.DLL
0x00007ffefa2b0000 - 0x00007ffefa640000 	C:\WINDOWS\System32\combase.dll
0x00007ffef91b0000 - 0x00007ffef9287000 	C:\WINDOWS\System32\OLEAUT32.dll
0x00007ffed7060000 - 0x00007ffed7092000 	C:\WINDOWS\SYSTEM32\dbgcore.DLL
0x00007ffef8320000 - 0x00007ffef839b000 	C:\WINDOWS\System32\bcryptPrimitives.dll
0x00007ffeeae40000 - 0x00007ffeeae4e000 	C:\Users\ADMIN\.jdks\corretto-17.0.13\bin\instrument.dll
0x00007ffeec4f0000 - 0x00007ffeec515000 	C:\Users\ADMIN\.jdks\corretto-17.0.13\bin\java.dll

dbghelp: loaded successfully - version: 4.0.5 - missing functions: none
symbol engine: initialized successfully - sym options: 0x614 - pdb path: .;C:\Users\ADMIN\.jdks\corretto-17.0.13\bin;C:\WINDOWS\SYSTEM32;C:\WINDOWS\WinSxS\amd64_microsoft.windows.common-controls_6595b64144ccf1df_6.0.22621.4830_none_270fe7d773858e80;C:\Users\ADMIN\.jdks\corretto-17.0.13\bin\server

VM Arguments:
jvm_args: -XX:TieredStopAtLevel=1 -Dspring.output.ansi.enabled=always -Dcom.sun.management.jmxremote -Dspring.jmx.enabled=true -Dspring.liveBeansView.mbeanDomain -Dspring.application.admin.enabled=true -Dmanagement.endpoints.jmx.exposure.include=* -javaagent:D:\ntelliJ\IntelliJ IDEA 2024.3\lib\idea_rt.jar=58894:D:\ntelliJ\IntelliJ IDEA 2024.3\bin -Dfile.encoding=UTF-8 
java_command: vti.auth_service.AuthServiceApplication
java_class_path (initial): D:\new vti\vti_microservice_project\auth-service\target\classes;C:\Users\ADMIN\.m2\repository\org\springframework\boot\spring-boot-starter-data-jpa\3.4.4\spring-boot-starter-data-jpa-3.4.4.jar;C:\Users\ADMIN\.m2\repository\org\springframework\boot\spring-boot-starter\3.4.4\spring-boot-starter-3.4.4.jar;C:\Users\ADMIN\.m2\repository\org\springframework\boot\spring-boot\3.4.4\spring-boot-3.4.4.jar;C:\Users\ADMIN\.m2\repository\org\springframework\boot\spring-boot-autoconfigure\3.4.4\spring-boot-autoconfigure-3.4.4.jar;C:\Users\ADMIN\.m2\repository\org\springframework\boot\spring-boot-starter-logging\3.4.4\spring-boot-starter-logging-3.4.4.jar;C:\Users\ADMIN\.m2\repository\ch\qos\logback\logback-classic\1.5.18\logback-classic-1.5.18.jar;C:\Users\ADMIN\.m2\repository\ch\qos\logback\logback-core\1.5.18\logback-core-1.5.18.jar;C:\Users\ADMIN\.m2\repository\org\apache\logging\log4j\log4j-to-slf4j\2.24.3\log4j-to-slf4j-2.24.3.jar;C:\Users\ADMIN\.m2\repository\org\apache\logging\log4j\log4j-api\2.24.3\log4j-api-2.24.3.jar;C:\Users\ADMIN\.m2\repository\org\slf4j\jul-to-slf4j\2.0.17\jul-to-slf4j-2.0.17.jar;C:\Users\ADMIN\.m2\repository\jakarta\annotation\jakarta.annotation-api\2.1.1\jakarta.annotation-api-2.1.1.jar;C:\Users\ADMIN\.m2\repository\org\yaml\snakeyaml\2.3\snakeyaml-2.3.jar;C:\Users\ADMIN\.m2\repository\org\springframework\boot\spring-boot-starter-jdbc\3.4.4\spring-boot-starter-jdbc-3.4.4.jar;C:\Users\ADMIN\.m2\repository\com\zaxxer\HikariCP\5.1.0\HikariCP-5.1.0.jar;C:\Users\ADMIN\.m2\repository\org\springframework\spring-jdbc\6.2.5\spring-jdbc-6.2.5.jar;C:\Users\ADMIN\.m2\repository\org\hibernate\orm\hibernate-core\6.6.11.Final\hibernate-core-6.6.11.Final.jar;C:\Users\ADMIN\.m2\repository\jakarta\persistence\jakarta.persistence-api\3.1.0\jakarta.persistence-api-3.1.0.jar;C:\Users\ADMIN\.m2\repository\jakarta\transaction\jakarta.transaction-api\2.0.1\jakarta.transaction-api-2.0.1.jar;C:\Users\ADMIN\.m2\repository\org\jboss\logging\jboss-
Launcher Type: SUN_STANDARD

[Global flags]
     intx CICompilerCount                          = 4                                         {product} {ergonomic}
     uint ConcGCThreads                            = 3                                         {product} {ergonomic}
     uint G1ConcRefinementThreads                  = 10                                        {product} {ergonomic}
   size_t G1HeapRegionSize                         = 2097152                                   {product} {ergonomic}
    uintx GCDrainStackTargetSize                   = 64                                        {product} {ergonomic}
   size_t InitialHeapSize                          = 199229440                                 {product} {ergonomic}
     bool ManagementServer                         = true                                      {product} {command line}
   size_t MarkStackSize                            = 4194304                                   {product} {ergonomic}
   size_t MaxHeapSize                              = 3164602368                                {product} {ergonomic}
   size_t MinHeapDeltaBytes                        = 2097152                                   {product} {ergonomic}
   size_t MinHeapSize                              = 8388608                                   {product} {ergonomic}
    uintx NonProfiledCodeHeapSize                  = 0                                      {pd product} {ergonomic}
     bool ProfileInterpreter                       = false                                  {pd product} {command line}
    uintx ProfiledCodeHeapSize                     = 0                                      {pd product} {ergonomic}
   size_t SoftMaxHeapSize                          = 3164602368                             {manageable} {ergonomic}
     intx TieredStopAtLevel                        = 1                                         {product} {command line}
     bool UseCompressedClassPointers               = true                           {product lp64_product} {ergonomic}
     bool UseCompressedOops                        = true                           {product lp64_product} {ergonomic}
     bool UseG1GC                                  = true                                      {product} {ergonomic}
     bool UseLargePagesIndividualAllocation        = false                                  {pd product} {ergonomic}

Logging:
Log output configuration:
 #0: stdout all=warning uptime,level,tags
 #1: stderr all=off uptime,level,tags

Environment Variables:
PATH=d:\cursor\resources\app\bin;C:\Program Files\Common Files\Oracle\Java\javapath;C:\Python312\Scripts\;C:\Python312\;C:\WINDOWS\system32;C:\WINDOWS;C:\WINDOWS\System32\Wbem;C:\WINDOWS\System32\WindowsPowerShell\v1.0\;C:\WINDOWS\System32\OpenSSH\;C:\Program Files (x86)\NVIDIA Corporation\PhysX\Common;C:\Program Files\NVIDIA Corporation\NVIDIA NvDLISR;C:\xampp\php;C:\Program Files\Microsoft SQL Server\Client SDK\ODBC\170\Tools\Binn\;C:\Program Files (x86)\Microsoft SQL Server\160\Tools\Binn\;C:\Program Files\Microsoft SQL Server\160\Tools\Binn\;C:\Program Files\Microsoft SQL Server\160\DTS\Binn\;C:\ProgramData\chocolatey\bin;C:\Program Files\Git\cmd;C:\Program Files\nodejs\;;C:\apache-maven-3.9.9\bin;;C:\Program Files\Docker\Docker\resources\bin;C:\Program Files\nodejs;C:\Program Files\Azure Data Studio\bin;D:\IntelliJ IDEA 2024.3\bin;;C:\Users\ADMIN\AppData\Roaming\npm;d:\cursor\resources\app\bin;C:\Program Files\nodejs;C:\Program Files\Azure Data Studio\bin;C:\Users\ADMIN\AppData\Local\Programs\Microsoft VS Code\bin;D:\IntelliJ IDEA 2024.3\bin;;C:\Users\ADMIN\AppData\Roaming\npm;D:\cursor\resources\app\bin
USERNAME=ADMIN
OS=Windows_NT
PROCESSOR_IDENTIFIER=Intel64 Family 6 Model 141 Stepping 1, GenuineIntel
TMP=C:\Users\ADMIN\AppData\Local\Temp
TEMP=C:\Users\ADMIN\AppData\Local\Temp



Periodic native trim disabled


---------------  S Y S T E M  ---------------

OS:
 Windows 11 , 64 bit Build 22621 (10.0.22621.4974)
OS uptime: 3 days 6:45 hours
Hyper-V role detected

CPU: total 12 (initial active 12) (6 cores per cpu, 2 threads per core) family 6 model 141 stepping 1 microcode 0x3c, cx8, cmov, fxsr, ht, mmx, 3dnowpref, sse, sse2, sse3, ssse3, sse4.1, sse4.2, popcnt, lzcnt, tsc, tscinvbit, avx, avx2, aes, erms, clmul, bmi1, bmi2, adx, avx512f, avx512dq, avx512cd, avx512bw, avx512vl, sha, fma, vzeroupper, avx512_vpopcntdq, avx512_vpclmulqdq, avx512_vaes, avx512_vnni, clflush, clflushopt, clwb, avx512_vbmi2, avx512_vbmi, hv
Processor Information for all 12 processors :
  Max Mhz: 2688, Current Mhz: 2688, Mhz Limit: 2688

Memory: 4k page, system-wide physical 12067M (1039M free)
TotalPageFile size 27312M (AvailPageFile size 102M)
current process WorkingSet (physical memory assigned to process): 11M, peak: 11M
current process commit charge ("private bytes"): 59M, peak: 249M

vm_info: OpenJDK 64-Bit Server VM (17.0.13+11-LTS) for windows-amd64 JRE (17.0.13+11-LTS), built on Oct 10 2024 19:51:30 by "Administrator" with MS VC++ 16.10 / 16.11 (VS2019)

END.
